#
# There is insufficient memory for the Java Runtime Environment to continue.
# Native memory allocation (malloc) failed to allocate 545696 bytes for Chunk::new
# Possible reasons:
#   The system is out of physical RAM or swap space
#   In 32 bit mode, the process size limit was hit
# Possible solutions:
#   Reduce memory load on the system
#   Increase physical memory or swap space
#   Check if swap backing store is full
#   Use 64 bit Java on a 64 bit OS
#   Decrease Java heap size (-Xmx/-Xms)
#   Decrease number of Java threads
#   Decrease Java thread stack sizes (-Xss)
#   Set larger code cache with -XX:ReservedCodeCacheSize=
# This output file may be truncated or incomplete.
#
#  Out of Memory Error (allocation.cpp:390), pid=34160, tid=0x00000000000049e0
#
# JRE version: OpenJDK Runtime Environment (8.0) (build 1.8.0-adoptopenjdk-_2018_05_19_00_59-b00)
# Java VM: OpenJDK 64-Bit Server VM (25.71-b00 mixed mode windows-amd64 compressed oops)
# Failed to write core dump. Minidumps are not enabled by default on client versions of Windows
#

---------------  T H R E A D  ---------------

Current thread (0x000000001e1b7800):  JavaThread "C2 CompilerThread1" daemon [_thread_in_native, id=18912, stack(0x000000001f920000,0x000000001fa20000)]

Stack: [0x000000001f920000,0x000000001fa20000]
[error occurred during error reporting (printing stack bounds), id 0xc0000005]

Native frames: (J=compiled Java code, j=interpreted, Vv=VM code, C=native code)


Current CompileTask:
C2:   6628  784       4       java.io.WinNTFileSystem::normalize (143 bytes)


---------------  P R O C E S S  ---------------

Java Threads: ( => current thread )
  0x00000000208c5000 JavaThread "pool-1-thread-1" [_thread_blocked, id=19908, stack(0x00000000215f0000,0x00000000216f0000)]
  0x000000001e1dc000 JavaThread "Service Thread" daemon [_thread_blocked, id=10996, stack(0x000000001fc20000,0x000000001fd20000)]
  0x000000001e1c1800 JavaThread "C1 CompilerThread3" daemon [_thread_blocked, id=12268, stack(0x000000001fb20000,0x000000001fc20000)]
  0x000000001e1c1000 JavaThread "C2 CompilerThread2" daemon [_thread_blocked, id=24584, stack(0x000000001fa20000,0x000000001fb20000)]
=>0x000000001e1b7800 JavaThread "C2 CompilerThread1" daemon [_thread_in_native, id=18912, stack(0x000000001f920000,0x000000001fa20000)]
  0x000000001e1b1000 JavaThread "C2 CompilerThread0" daemon [_thread_blocked, id=28488, stack(0x000000001f820000,0x000000001f920000)]
  0x000000001e1b0000 JavaThread "Attach Listener" daemon [_thread_blocked, id=24828, stack(0x000000001f720000,0x000000001f820000)]
  0x000000001e1ae000 JavaThread "Signal Dispatcher" daemon [_thread_blocked, id=24476, stack(0x000000001f620000,0x000000001f720000)]
  0x000000001e1a3000 JavaThread "Finalizer" daemon [_thread_blocked, id=5952, stack(0x000000001f400000,0x000000001f500000)]
  0x0000000002ddd000 JavaThread "Reference Handler" daemon [_thread_blocked, id=26856, stack(0x000000001f300000,0x000000001f400000)]
  0x0000000002ce3000 JavaThread "main" [_thread_in_vm, id=32492, stack(0x0000000002be0000,0x0000000002ce0000)]

Other Threads:
  0x000000001cad3800 VMThread [stack: 0x000000001f200000,0x000000001f300000] [id=33504]
  0x000000001e1dc800 WatcherThread [stack: 0x000000001fd20000,0x000000001fe20000] [id=23880]

VM state:not at safepoint (normal execution)

VM Mutex/Monitor currently owned by a thread: None

Heap:
 PSYoungGen      total 76288K, used 36703K [0x000000076af00000, 0x0000000770400000, 0x00000007c0000000)
  eden space 65536K, 56% used [0x000000076af00000,0x000000076d2d7c00,0x000000076ef00000)
  from space 10752K, 0% used [0x000000076f980000,0x000000076f980000,0x0000000770400000)
  to   space 10752K, 0% used [0x000000076ef00000,0x000000076ef00000,0x000000076f980000)
 ParOldGen       total 175104K, used 0K [0x00000006c0c00000, 0x00000006cb700000, 0x000000076af00000)
  object space 175104K, 0% used [0x00000006c0c00000,0x00000006c0c00000,0x00000006cb700000)
 Metaspace       used 8260K, capacity 8598K, committed 8704K, reserved 1056768K
  class space    used 1106K, capacity 1209K, committed 1280K, reserved 1048576K

Card table byte_map: [0x00000000121a0000,0x00000000129a0000] byte_map_base: 0x000000000eb9a000

Marking Bits: (ParMarkBitMap*) 0x0000000067f8be50
 Begin Bits: [0x0000000013900000, 0x00000000178d0000)
 End Bits:   [0x00000000178d0000, 0x000000001b8a0000)

Polling page: 0x00000000009e0000

CodeCache: size=245760Kb used=3151Kb max_used=3164Kb free=242608Kb
 bounds [0x0000000002de0000, 0x0000000003100000, 0x0000000011de0000]
 total_blobs=1099 nmethods=796 adapters=218
 compilation: enabled

Compilation events (10 events):
Event: 6.610 Thread 0x000000001e1c1800 nmethod 793 0x00000000030e7b10 code [0x00000000030e7c60, 0x00000000030e7d70]
Event: 6.613 Thread 0x000000001e1c1800  794   !   3       java.io.WinNTFileSystem::resolve (362 bytes)
Event: 6.615 Thread 0x000000001e1b1000  797       4       java.net.URI$Parser::scan (73 bytes)
Event: 6.616 Thread 0x000000001e1c1000 nmethod 791 0x00000000030eb190 code [0x00000000030eb320, 0x00000000030ebab8]
Event: 6.616 Thread 0x000000001e1c1800 nmethod 794 0x00000000030ec350 code [0x00000000030ecbc0, 0x00000000030f2718]
Event: 6.616 Thread 0x000000001e1c1800  795       3       java.net.URI$Parser::<init> (31 bytes)
Event: 6.616 Thread 0x000000001e1c1800 nmethod 795 0x00000000030eac90 code [0x00000000030eae00, 0x00000000030eb070]
Event: 6.616 Thread 0x000000001e1c1800  796       3       java.net.URI::access$002 (7 bytes)
Event: 6.616 Thread 0x000000001e1c1800 nmethod 796 0x00000000030ea950 code [0x00000000030eaaa0, 0x00000000030eabf0]
Event: 6.620 Thread 0x000000001e1b1000 nmethod 797 0x00000000030e8310 code [0x00000000030e84a0, 0x00000000030e8a28]

GC Heap History (0 events):
No events

Deoptimization events (10 events):
Event: 5.479 Thread 0x0000000002ce3000 Uncommon trap: reason=unstable_if action=reinterpret pc=0x0000000002fa19c8 method=java.util.regex.Matcher.reset()Ljava/util/regex/Matcher; @ 47
Event: 5.479 Thread 0x0000000002ce3000 Uncommon trap: reason=class_check action=maybe_recompile pc=0x0000000002f9fbfc method=java.util.regex.Matcher.match(II)Z @ 86
Event: 5.479 Thread 0x0000000002ce3000 Uncommon trap: reason=class_check action=maybe_recompile pc=0x0000000002f9fbfc method=java.util.regex.Matcher.match(II)Z @ 86
Event: 5.519 Thread 0x0000000002ce3000 Uncommon trap: reason=class_check action=maybe_recompile pc=0x0000000002f9fbfc method=java.util.regex.Matcher.match(II)Z @ 86
Event: 5.519 Thread 0x0000000002ce3000 Uncommon trap: reason=class_check action=maybe_recompile pc=0x0000000002f9fbfc method=java.util.regex.Matcher.match(II)Z @ 86
Event: 6.012 Thread 0x0000000002ce3000 Uncommon trap: reason=unstable_if action=reinterpret pc=0x000000000302ba30 method=sun.misc.MetaIndex.mayContain(Ljava/lang/String;)Z @ 38
Event: 6.542 Thread 0x0000000002ce3000 Uncommon trap: reason=bimorphic action=maybe_recompile pc=0x000000000305f6a8 method=java.util.regex.Pattern$Slice.match(Ljava/util/regex/Matcher;ILjava/lang/CharSequence;)Z @ 75
Event: 6.582 Thread 0x0000000002ce3000 Uncommon trap: reason=unstable_if action=reinterpret pc=0x000000000306df1c method=java.util.HashMap.hash(Ljava/lang/Object;)I @ 1
Event: 6.582 Thread 0x0000000002ce3000 Uncommon trap: reason=unstable_if action=reinterpret pc=0x00000000030cea68 method=java.util.HashMap.hash(Ljava/lang/Object;)I @ 1
Event: 6.601 Thread 0x0000000002ce3000 Uncommon trap: reason=class_check action=maybe_recompile pc=0x0000000003077288 method=java.util.HashMap.putVal(ILjava/lang/Object;Ljava/lang/Object;ZZ)Ljava/lang/Object; @ 203

Classes redefined (0 events):
No events

Internal exceptions (10 events):
Event: 6.602 Thread 0x0000000002ce3000 Exception <a 'java/lang/ArrayIndexOutOfBoundsException'> (0x000000076cf64db0) thrown at [C:\Users\jenkins\workspace\openjdk8_build_x86-64_windows\openjdk\hotspot\src\share\vm\runtime\sharedRuntime.cpp, line 605]
Event: 6.602 Thread 0x0000000002ce3000 Exception <a 'java/lang/ArrayIndexOutOfBoundsException'> (0x000000076cf72808) thrown at [C:\Users\jenkins\workspace\openjdk8_build_x86-64_windows\openjdk\hotspot\src\share\vm\runtime\sharedRuntime.cpp, line 605]
Event: 6.602 Thread 0x0000000002ce3000 Exception <a 'java/lang/ArrayIndexOutOfBoundsException'> (0x000000076cf80c30) thrown at [C:\Users\jenkins\workspace\openjdk8_build_x86-64_windows\openjdk\hotspot\src\share\vm\runtime\sharedRuntime.cpp, line 605]
Event: 6.602 Thread 0x0000000002ce3000 Exception <a 'java/lang/ArrayIndexOutOfBoundsException'> (0x000000076cf82138) thrown at [C:\Users\jenkins\workspace\openjdk8_build_x86-64_windows\openjdk\hotspot\src\share\vm\runtime\sharedRuntime.cpp, line 605]
Event: 6.602 Thread 0x0000000002ce3000 Exception <a 'java/lang/ArrayIndexOutOfBoundsException'> (0x000000076cf83fe0) thrown at [C:\Users\jenkins\workspace\openjdk8_build_x86-64_windows\openjdk\hotspot\src\share\vm\runtime\sharedRuntime.cpp, line 605]
Event: 6.603 Thread 0x0000000002ce3000 Exception <a 'java/lang/ArrayIndexOutOfBoundsException'> (0x000000076cf86700) thrown at [C:\Users\jenkins\workspace\openjdk8_build_x86-64_windows\openjdk\hotspot\src\share\vm\runtime\sharedRuntime.cpp, line 605]
Event: 6.603 Thread 0x0000000002ce3000 Exception <a 'java/lang/ArrayIndexOutOfBoundsException'> (0x000000076cf89008) thrown at [C:\Users\jenkins\workspace\openjdk8_build_x86-64_windows\openjdk\hotspot\src\share\vm\runtime\sharedRuntime.cpp, line 605]
Event: 6.603 Thread 0x0000000002ce3000 Exception <a 'java/lang/ArrayIndexOutOfBoundsException'> (0x000000076cf8abb0) thrown at [C:\Users\jenkins\workspace\openjdk8_build_x86-64_windows\openjdk\hotspot\src\share\vm\runtime\sharedRuntime.cpp, line 605]
Event: 6.619 Thread 0x0000000002ce3000 Exception <a 'java/lang/OutOfMemoryError'> (0x000000076d1caf28) thrown at [C:\Users\jenkins\workspace\openjdk8_build_x86-64_windows\openjdk\hotspot\src\share\vm\prims\jni.cpp, line 735]
Event: 6.619 Thread 0x0000000002ce3000 Exception <a 'java/lang/reflect/InvocationTargetException'> (0x000000076d1cb398) thrown at [C:\Users\jenkins\workspace\openjdk8_build_x86-64_windows\openjdk\hotspot\src\share\vm\runtime\reflection.cpp, line 1092]

Events (10 events):
Event: 6.608 Thread 0x0000000002ce3000 DEOPT PACKING pc=0x0000000002fac1f8 sp=0x0000000002cdd310
Event: 6.608 Thread 0x0000000002ce3000 DEOPT UNPACKING pc=0x0000000002e271d0 sp=0x0000000002cdd068 mode 0
Event: 6.616 loading class org/gradle/api/internal/classpath/ManifestUtil
Event: 6.616 loading class org/gradle/api/internal/classpath/ManifestUtil done
Event: 6.619 loading class java/util/zip/DataFormatException
Event: 6.619 loading class java/util/zip/DataFormatException done
Event: 6.619 loading class org/gradle/internal/dispatch/MethodInvocation
Event: 6.619 loading class org/gradle/internal/dispatch/MethodInvocation done
Event: 6.620 loading class org/gradle/execution/MultipleBuildFailures
Event: 6.620 loading class org/gradle/execution/MultipleBuildFailures done


Dynamic libraries:
0x00007ff62e900000 - 0x00007ff62e935000 	C:\Program Files\Unity\Hub\Editor\2020.3.30f1\Editor\Data\PlaybackEngines\AndroidPlayer\OpenJDK\bin\java.exe
0x00007ffd42050000 - 0x00007ffd42248000 	C:\WINDOWS\SYSTEM32\ntdll.dll
0x00007ffd41100000 - 0x00007ffd411bf000 	C:\WINDOWS\System32\KERNEL32.DLL
0x00007ffd3f960000 - 0x00007ffd3fc32000 	C:\WINDOWS\System32\KERNELBASE.dll
0x00007ffd41a10000 - 0x00007ffd41abe000 	C:\WINDOWS\System32\ADVAPI32.dll
0x00007ffd41720000 - 0x00007ffd417be000 	C:\WINDOWS\System32\msvcrt.dll
0x00007ffd41670000 - 0x00007ffd4170c000 	C:\WINDOWS\System32\sechost.dll
0x00007ffd40b00000 - 0x00007ffd40c25000 	C:\WINDOWS\System32\RPCRT4.dll
0x00007ffd414c0000 - 0x00007ffd41661000 	C:\WINDOWS\System32\USER32.dll
0x00007ffd3fdf0000 - 0x00007ffd3fe12000 	C:\WINDOWS\System32\win32u.dll
0x00007ffd407e0000 - 0x00007ffd4080b000 	C:\WINDOWS\System32\GDI32.dll
0x00007ffd3f7b0000 - 0x00007ffd3f8bf000 	C:\WINDOWS\System32\gdi32full.dll
0x00007ffd3f8c0000 - 0x00007ffd3f95d000 	C:\WINDOWS\System32\msvcp_win.dll
0x00007ffd3fc40000 - 0x00007ffd3fd40000 	C:\WINDOWS\System32\ucrtbase.dll
0x00007ffd2f570000 - 0x00007ffd2f80a000 	C:\WINDOWS\WinSxS\amd64_microsoft.windows.common-controls_6595b64144ccf1df_6.0.19041.1110_none_60b5254171f9507e\COMCTL32.dll
0x00007ffd419d0000 - 0x00007ffd41a02000 	C:\WINDOWS\System32\IMM32.DLL
0x0000000068010000 - 0x00000000680e2000 	C:\Program Files\Unity\Hub\Editor\2020.3.30f1\Editor\Data\PlaybackEngines\AndroidPlayer\OpenJDK\jre\bin\msvcr100.dll
0x00000000677c0000 - 0x0000000068009000 	C:\Program Files\Unity\Hub\Editor\2020.3.30f1\Editor\Data\PlaybackEngines\AndroidPlayer\OpenJDK\jre\bin\server\jvm.dll
0x00007ffd41330000 - 0x00007ffd41338000 	C:\WINDOWS\System32\PSAPI.DLL
0x00007ffd360f0000 - 0x00007ffd36117000 	C:\WINDOWS\SYSTEM32\WINMM.dll
0x00007ffd2bce0000 - 0x00007ffd2bce9000 	C:\WINDOWS\SYSTEM32\WSOCK32.dll
0x00007ffd37680000 - 0x00007ffd3768a000 	C:\WINDOWS\SYSTEM32\VERSION.dll
0x00007ffd41ac0000 - 0x00007ffd41b2b000 	C:\WINDOWS\System32\WS2_32.dll
0x00007ffd3b160000 - 0x00007ffd3b16f000 	C:\Program Files\Unity\Hub\Editor\2020.3.30f1\Editor\Data\PlaybackEngines\AndroidPlayer\OpenJDK\jre\bin\verify.dll
0x00007ffd214f0000 - 0x00007ffd21519000 	C:\Program Files\Unity\Hub\Editor\2020.3.30f1\Editor\Data\PlaybackEngines\AndroidPlayer\OpenJDK\jre\bin\java.dll
0x00007ffd345e0000 - 0x00007ffd345f6000 	C:\Program Files\Unity\Hub\Editor\2020.3.30f1\Editor\Data\PlaybackEngines\AndroidPlayer\OpenJDK\jre\bin\zip.dll
0x00007ffd40090000 - 0x00007ffd407d4000 	C:\WINDOWS\System32\SHELL32.dll
0x00007ffd3d6d0000 - 0x00007ffd3de62000 	C:\WINDOWS\SYSTEM32\windows.storage.dll
0x00007ffd41b30000 - 0x00007ffd41e85000 	C:\WINDOWS\System32\combase.dll
0x00007ffd3f0c0000 - 0x00007ffd3f0f0000 	C:\WINDOWS\SYSTEM32\Wldp.dll
0x00007ffd41900000 - 0x00007ffd419ad000 	C:\WINDOWS\System32\SHCORE.dll
0x00007ffd417c0000 - 0x00007ffd41815000 	C:\WINDOWS\System32\shlwapi.dll
0x00007ffd3f680000 - 0x00007ffd3f69f000 	C:\WINDOWS\SYSTEM32\profapi.dll
0x00007ffd19dc0000 - 0x00007ffd19dda000 	C:\Program Files\Unity\Hub\Editor\2020.3.30f1\Editor\Data\PlaybackEngines\AndroidPlayer\OpenJDK\jre\bin\net.dll
0x00007ffd3eea0000 - 0x00007ffd3ef0a000 	C:\WINDOWS\system32\mswsock.dll
0x00007ffd19be0000 - 0x00007ffd19bf1000 	C:\Program Files\Unity\Hub\Editor\2020.3.30f1\Editor\Data\PlaybackEngines\AndroidPlayer\OpenJDK\jre\bin\nio.dll
0x00007ffd16240000 - 0x00007ffd16266000 	C:\Users\Leonardo\.gradle\native\31\windows-amd64\native-platform.dll
0x00007ffd22ff0000 - 0x00007ffd22ffd000 	C:\Program Files\Unity\Hub\Editor\2020.3.30f1\Editor\Data\PlaybackEngines\AndroidPlayer\OpenJDK\jre\bin\management.dll

VM Arguments:
jvm_args: -Dfile.encoding=UTF-8 
java_command: org.gradle.launcher.GradleMain -Dorg.gradle.jvmargs=-Xmx4096m --stop
java_class_path (initial): C:\Program Files\Unity\Hub\Editor\2020.3.30f1\Editor\Data\PlaybackEngines\AndroidPlayer\Tools\gradle\lib\gradle-launcher-6.1.1.jar
Launcher Type: SUN_STANDARD

Environment Variables:
JAVA_HOME=C:\Program Files\Unity\Hub\Editor\2020.3.30f1\Editor\Data\PlaybackEngines\AndroidPlayer\OpenJDK
JAVA_TOOL_OPTIONS=-Dfile.encoding=UTF-8
PATH=C:\Program Files\Oculus\Support\oculus-runtime;C:\Program Files (x86)\NVIDIA Corporation\PhysX\Common;C:\app\client\Leonardo\product\19.0.0\client_1\bin;C:\Program Files (x86)\Common Files\Oracle\Java\javapath;C:\WINDOWS\system32;C:\WINDOWS;C:\WINDOWS\System32\Wbem;C:\WINDOWS\System32\WindowsPowerShell\v1.0\;C:\WINDOWS\System32\OpenSSH\;C:\Program Files\Git\cmd;C:\Program Files\nodejs\;C:\ProgramData\chocolatey\bin;C:\Program Files\dotnet\;C:\Users\Leonardo\AppData\Local\Google\Cloud SDK\google-cloud-sdk\bin;C:\Program Files\Docker\Docker\resources\bin;C:\ProgramData\DockerDesktop\version-bin;C:\Program Files\Kubernetes\Minikube;C:\Users\Leonardo\AppData\Local\Programs\Python\Python311\Scripts\;C:\Users\Leonardo\AppData\Local\Programs\Python\Python311\;C:\Users\Leonardo\AppData\Local\Programs\Python\Python37\Scripts\;C:\Users\Leonardo\AppData\Local\Programs\Python\Python37\;C:\Users\Leonardo\AppData\Local\Microsoft\WindowsApps;C:\Users\Leonardo\AppData\Local\Programs\Microsoft VS Code\bin;C:\Program Files\heroku\bin;C:\Users\Leonardo\AppData\Local\GitHubDesktop\bin;C:\Users\Leonardo\AppData\Roaming\npm;C:\Users\Leonardo\AppData\Local\Google\Cloud SDK\google-cloud-sdk\bin;C:\Users\Leonardo\AppData\Local\Google\Cloud SDK\google-cloud-sdk\bin;C:\Users\Leonardo\.dotnet\tools
USERNAME=Leonardo
OS=Windows_NT
PROCESSOR_IDENTIFIER=AMD64 Family 23 Model 113 Stepping 0, AuthenticAMD



---------------  S Y S T E M  ---------------

OS: Windows 10.0 , 64 bit Build 19041 (10.0.19041.2364)

CPU:total 12 (initial active 12) (12 cores per cpu, 1 threads per core) family 23 model 113 stepping 0, cmov, cx8, fxsr, mmx, sse, sse2, sse3, ssse3, sse4.1, sse4.2, popcnt, avx, avx2, aes, clmul, mmxext, 3dnowpref, lzcnt, sse4a, tsc, tscinvbit, tscinv, bmi1

Memory: 4k page, physical 16726884k(139412k free), swap 33110884k(704k free)

vm_info: OpenJDK 64-Bit Server VM (25.71-b00) for windows-amd64 JRE (1.8.0-adoptopenjdk-_2018_05_19_00_59-b00), built on May 19 2018 01:02:12 by "jenkins" with MS VC++ 10.0 (VS2010)

time: Thu Feb 09 21:50:02 2023
elapsed time: 6 seconds (0d 0h 0m 6s)

